     1                                  ; NAME		Saif Hasan
     2                                  ; Assignment	Program 1 : Data Storage
     3                                  ; Date		September 22, 2021
     4                                  ; Etc...	No, I don't want to add anything fun. CS is getting too stressful.
     5                                  
     6                                  SECTION .data
     7                                  ; define data/variables here.  Think DB, DW, DD, DQ
     8 00000000 020406080A              a1:	db	2,4,6,8,10
     9 00000005 010002000300040005-     b1:	dw	1,2,3,4,5
    10 0000000E 00                 
    11 0000000F 0A000000140000001E-     c1:	dd	10,20,30,40
    12 00000018 00000028000000     
    13 0000001F 100000000000000011-     d1:	dq	10h,11h,12h,13h
    14 00000028 000000000000001200-
    15 00000031 000000000000130000-
    16 0000003A 0000000000         
    17 0000003F CE                      a2:	db	-50
    18 00000040 D3FF                    b2:	dw	-45
    19 00000042 E2                      c2:	db	-30
    20 00000043 E7FF                    d2:	dw	-25
    21 00000045 EC                      e2:	db	-20
    22 00000046 4D6572636572            a3:	db	'Mercer'
    23 0000004C 64                      b3:	db	100
    24 0000004D 00                      c3:	db	0
    25 0000004E 476F20                  d3:	db	'Go '
    26 00000051 426561727321            e3:	db	'Bears!'
    27 00000057 6400                    a4:	dw	100
    28 00000059 00010000                b4:	dd	100h
    29 0000005D 04                      c4:	db	100b
    30 0000005E 4000                    d4:	dw	100q
    31 00000060 64000000                e4:	dd	100d
    32                                  
    33                                  SECTION .bss
    34                                  ; define uninitialized data here
    35                                  
    36                                  SECTION .text
    37                                  global _main
    38                                  _main:
    39                                  
    40                                  ; put your code here.
    41                                  
    42                                  
    43                                  
    44                                  ; Normal termination code
    45 00000000 B801000000              mov eax, 1
    46 00000005 BB00000000              mov ebx, 0
    47 0000000A CD80                    int 80h
