     1                                  ;Name		Saif Hasan
     2                                  ;Date		6 November, 2021
     3                                  ;Assignment	P7 : Spooky Halloween Message
     4                                  ;Description	Finding out the hidden message by "deciphering" a given set of data
     5                                  
     6                                   
     7                                  %macro print 1
     8                                     pusha
     9                                     mov eax, 4
    10                                     mov ebx, 1
    11                                     mov ecx, %1
    12                                     mov edx, 1
    13                                     int 80h
    14                                     popa
    15                                  %endmacro
    16                                  
    17                                  SECTION .data
    18                                  
    19 00000000 200E210F2210231124-     surprise:  db 32, 14, 33, 15, 34, 16, 35, 17, 36, 18, 37, 19, 38, 20, 39, 21, 40, 22, 41, 23
    20 00000009 122513261427152816-
    21 00000012 2917               
    22 00000014 2A182B192C1A2D1B2E-     db 42, 24, 43, 25, 44, 26, 45, 27, 46, 28, 47, 29, 48, 30, 49, 31, 50, 32, 51, 33
    23 0000001D 1C2F1D301E311F3220-
    24 00000026 3321               
    25 00000028 342235233624372538-     db 52, 34, 53, 35, 54, 36, 55, 37, 56, 38, 57, 39, 58, 40, 59, 41, 60, 42, 61, 43
    26 00000031 2639273A283B293C2A-
    27 0000003A 3D2B               
    28 0000003C 3E2C3F2D402E412F42-     db 62, 44, 63, 45, 64, 46, 65, 47, 66, 48, 67, 49, 142, 50, 124, 51, 125, 52, 71, 53
    29 00000045 3043318E327C337D34-
    30 0000004E 4735               
    31 00000050 483689374C384D3965-     db 72, 54, 137, 55, 76, 56, 77, 57, 101, 58, 132, 59, 148, 60, 79, 61, 80, 62, 81, 63
    32 00000059 3A843B943C4F3D503E-
    33 00000062 513F               
    34 00000064 524053415442554356-     db 82, 64, 83, 65, 84, 66, 85, 67, 86, 68, 87, 69, 88, 70, 89, 71, 90, 72, 91, 73
    35 0000006D 445745584659475A48-
    36 00000076 5B49               
    37 00000078 5C4A5D4B5E4C5F4D60-     db 92, 74, 93, 75, 94, 76, 95, 77, 96, 78, 97, 79, 98, 80, 99, 81, 100, 82, 101, 83
    38 00000081 4E614F625063516452-
    39 0000008A 6553               
    40 0000008C 66546755685669576A-     db 102, 84, 103, 85, 104, 86, 105, 87, 106, 88, 107, 89, 108, 90, 109, 91, 110, 92, 111, 93
    41 00000095 586B596C5A6D5B6E5C-
    42 0000009E 6F5D               
    43 000000A0 200E210F2210231124-     db 32, 14, 33, 15, 34, 16, 35, 17, 36, 18, 37, 19, 38, 20, 39, 21, 40, 22, 41, 23
    44 000000A9 122513261427152816-
    45 000000B2 2917               
    46 000000B4 2A182B192C1A2D1B2E-     db 42, 24, 43, 25, 44, 26, 45, 27, 46, 28, 47, 29, 48, 30, 49, 31, 50, 32, 51, 33
    47 000000BD 1C2F1D301E311F3220-
    48 000000C6 3321               
    49 000000C8 342235233624372538-     db 52, 34, 53, 35, 54, 36, 55, 37, 56, 38, 57, 39, 58, 40, 59, 41, 60, 42, 61, 43
    50 000000D1 2639273A283B293C2A-
    51 000000DA 3D2B               
    52 000000DC 3E2C3F2D402E412F42-     db 62, 44, 63, 45, 64, 46, 65, 47, 66, 48, 67, 49, 131, 50, 72, 51, 125, 52, 126, 53
    53 000000E5 304331833248337D34-
    54 000000EE 7E35               
    55 000000F0 7F3649374A384B394C-     db 127, 54, 73, 55, 74, 56, 75, 57, 76, 58, 77, 59, 119, 60, 134, 61, 80, 62, 81, 63
    56 000000F9 3A4D3B773C863D503E-
    57 00000102 513F               
    58 00000104 524053415442554356-     db 82, 64, 83, 65, 84, 66, 85, 67, 86, 68, 87, 69, 88, 70, 89, 71, 90, 72, 91, 73
    59 0000010D 445745584659475A48-
    60 00000116 5B49               
    61 00000118 5C4A5D4B5E4C5F4D60-     db 92, 74, 93, 75, 94, 76, 95, 77, 96, 78, 97, 79, 98, 80, 99, 81, 100, 82, 101, 83
    62 00000121 4E614F625063516452-
    63 0000012A 6553               
    64 0000012C 66546755685669576A-     db 102, 84, 103, 85, 104, 86, 105, 87, 106, 88, 107, 89, 108, 90, 109, 91, 110, 92, 111, 93
    65 00000135 586B596C5A6D5B6E5C-
    66 0000013E 6F5D               
    67 00000140 200E210F2210231124-     db 32, 14, 33, 15, 34, 16, 35, 17, 36, 18, 37, 19, 38, 20, 39, 21, 40, 22, 41, 23
    68 00000149 122513261427152816-
    69 00000152 2917               
    70 00000154 2A182B192C1A2D1B2E-     db 42, 24, 43, 25, 44, 26, 45, 27, 46, 28, 47, 29, 48, 30, 49, 31, 50, 32, 51, 33
    71 0000015D 1C2F1D301E311F3220-
    72 00000166 3321               
    73 00000168 342235233624372538-     db 52, 34, 53, 35, 54, 36, 55, 37, 56, 38, 57, 39, 58, 40, 59, 41, 60, 42, 61, 43
    74 00000171 2639273A283B293C2A-
    75 0000017A 3D2B               
    76 0000017C 3E2C3F2D402E412F42-     db 62, 44, 63, 45, 64, 46, 65, 47, 66, 48, 141, 49, 123, 50, 124, 51, 125, 52, 126, 53
    77 00000185 308D317B327C337D34-
    78 0000018E 7E35               
    79 00000190 7F3649374A384B394C-     db 127, 54, 73, 55, 74, 56, 75, 57, 76, 58, 77, 59, 119, 60, 134, 61, 80, 62, 81, 63
    80 00000199 3A4D3B773C863D503E-
    81 000001A2 513F               
    82 000001A4 524053415442554356-     db 82, 64, 83, 65, 84, 66, 85, 67, 86, 68, 87, 69, 88, 70, 89, 71, 90, 72, 91, 73
    83 000001AD 445745584659475A48-
    84 000001B6 5B49               
    85 000001B8 5C4A5D4B5E4C5F4D60-     db 92, 74, 93, 75, 94, 76, 95, 77, 96, 78, 97, 79, 98, 80, 99, 81, 100, 82, 101, 83
    86 000001C1 4E614F625063516452-
    87 000001CA 6553               
    88 000001CC 66546755685669576A-     db 102, 84, 103, 85, 104, 86, 105, 87, 106, 88, 107, 89, 108, 90, 109, 91, 110, 92, 111, 93
    89 000001D5 586B596C5A6D5B6E5C-
    90 000001DE 6F5D               
    91 000001E0 200E210F2210231124-     db 32, 14, 33, 15, 34, 16, 35, 17, 36, 18, 37, 19, 38, 20, 39, 21, 40, 22, 41, 23
    92 000001E9 122513261427152816-
    93 000001F2 2917               
    94 000001F4 2A182B192C1A2D1B2E-     db 42, 24, 43, 25, 44, 26, 45, 27, 46, 28, 47, 29, 48, 30, 49, 31, 50, 32, 51, 33
    95 000001FD 1C2F1D301E311F3220-
    96 00000206 3321               
    97 00000208 342235233624372538-     db 52, 34, 53, 35, 54, 36, 55, 37, 56, 38, 57, 39, 58, 40, 122, 41, 123, 42, 73, 43
    98 00000211 2639273A287A297B2A-
    99 0000021A 492B               
   100 0000021C 972C982D992E9A2F9B-     db 151, 44, 152, 45, 153, 46, 154, 47, 155, 48, 122, 49, 123, 50, 124, 51, 125, 52, 126, 53
   101 00000225 307A317B327C337D34-
   102 0000022E 7E35               
   103 00000230 483649374A384B394C-     db 72, 54, 73, 55, 74, 56, 75, 57, 76, 58, 118, 59, 133, 60, 168, 61, 169, 62, 170, 63
   104 00000239 3A763B853CA83DA93E-
   105 00000242 AA3F               
   106 00000244 AB4092419342944356-     db 171, 64, 146, 65, 147, 66, 148, 67, 86, 68, 87, 69, 88, 70, 89, 71, 90, 72, 91, 73
   107 0000024D 445745584659475A48-
   108 00000256 5B49               
   109 00000258 5C4A5D4B5E4C5F4D60-     db 92, 74, 93, 75, 94, 76, 95, 77, 96, 78, 97, 79, 98, 80, 99, 81, 100, 82, 101, 83
   110 00000261 4E614F625063516452-
   111 0000026A 6553               
   112 0000026C 66546755685669576A-     db 102, 84, 103, 85, 104, 86, 105, 87, 106, 88, 107, 89, 108, 90, 109, 91, 110, 92, 111, 93
   113 00000275 586B596C5A6D5B6E5C-
   114 0000027E 6F5D               
   115 00000280 200E210F2210231124-     db 32, 14, 33, 15, 34, 16, 35, 17, 36, 18, 37, 19, 38, 20, 39, 21, 40, 22, 41, 23
   116 00000289 122513261427152816-
   117 00000292 2917               
   118 00000294 2A182B192C1A2D1B2E-     db 42, 24, 43, 25, 44, 26, 45, 27, 46, 28, 47, 29, 48, 30, 49, 31, 50, 32, 51, 33
   119 0000029D 1C2F1D301E311F3220-
   120 000002A6 3321               
   121 000002A8 342235237524812591-     db 52, 34, 53, 35, 117, 36, 129, 37, 145, 38, 112, 39, 113, 40, 107, 41, 62, 42, 123, 43
   122 000002B1 26702771286B293E2A-
   123 000002BA 7B2B               
   124 000002BC 7E2C7F2D422E812F50-     db 126, 44, 127, 45, 66, 46, 129, 47, 80, 48, 102, 49, 70, 50, 94, 51, 80, 52, 83, 53
   125 000002C5 30663146325E335034-
   126 000002CE 5335               
   127 000002D0 723649378938593999-     db 114, 54, 73, 55, 137, 56, 89, 57, 153, 58, 158, 59, 114, 60, 105, 61, 142, 62, 143, 63
   128 000002D9 3A9E3B723C693D8E3E-
   129 000002E2 8F3F               
   130 000002E4 54408A418B428C438D-     db 84, 64, 138, 65, 139, 66, 140, 67, 141, 68, 142, 69, 143, 70, 138, 71, 161, 72, 154, 73
   131 000002ED 448E458F468A47A148-
   132 000002F6 9A49               
   133 000002F8 9B4A5D4B5E4C5F4D60-     db 155, 74, 93, 75, 94, 76, 95, 77, 96, 78, 97, 79, 98, 80, 99, 81, 100, 82, 101, 83
   134 00000301 4E614F625063516452-
   135 0000030A 6553               
   136 0000030C 66546755685669576A-     db 102, 84, 103, 85, 104, 86, 105, 87, 106, 88, 107, 89, 108, 90, 109, 91, 110, 92, 111, 93
   137 00000315 586B596C5A6D5B6E5C-
   138 0000031E 6F5D               
   139 00000320 200E210F2210231124-     db 32, 14, 33, 15, 34, 16, 35, 17, 36, 18, 37, 19, 38, 20, 39, 21, 40, 22, 41, 23
   140 00000329 122513261427152816-
   141 00000332 2917               
   142 00000334 2A182B192C1A2D1B2E-     db 42, 24, 43, 25, 44, 26, 45, 27, 46, 28, 47, 29, 48, 30, 49, 31, 50, 32, 51, 33
   143 0000033D 1C2F1D301E311F3220-
   144 00000346 3321               
   145 00000348 7E227C236D24392576-     db 126, 34, 124, 35, 109, 36, 57, 37, 118, 38, 71, 39, 93, 40, 74, 41, 62, 42, 61, 43
   146 00000351 2647275D284A293E2A-
   147 0000035A 3D2B               
   148 0000035C 3E2C3F2D402E4F2F65-     db 62, 44, 63, 45, 64, 46, 79, 47, 101, 48, 74, 49, 68, 50, 69, 51, 70, 52, 71, 53
   149 00000365 304A31443245334634-
   150 0000036E 4735               
   151 00000370 483672374A384B394C-     db 72, 54, 114, 55, 74, 56, 75, 57, 76, 58, 77, 59, 142, 60, 115, 61, 94, 62, 81, 63
   152 00000379 3A4D3B8E3C733D5E3E-
   153 00000382 513F               
   154 00000384 52405341544255435D-     db 82, 64, 83, 65, 84, 66, 85, 67, 93, 68, 123, 69, 102, 70, 152, 71, 92, 72, 146, 73
   155 0000038D 447B45664698475C48-
   156 00000396 9249               
   157 00000398 8D4AA44B9D4C5F4D60-     db 141, 74, 164, 75, 157, 76, 95, 77, 96, 78, 97, 79, 98, 80, 99, 81, 100, 82, 101, 83
   158 000003A1 4E614F625063516452-
   159 000003AA 6553               
   160 000003AC 66546755685669576A-     db 102, 84, 103, 85, 104, 86, 105, 87, 106, 88, 107, 89, 108, 90, 109, 91, 110, 92, 111, 93
   161 000003B5 586B596C5A6D5B6E5C-
   162 000003BE 6F5D               
   163 000003C0 200E210F2210231124-     db 32, 14, 33, 15, 34, 16, 35, 17, 36, 18, 37, 19, 38, 20, 39, 21, 40, 22, 41, 23
   164 000003C9 122513261427152816-
   165 000003D2 2917               
   166 000003D4 2A182B192C1A2D1B2E-     db 42, 24, 43, 25, 44, 26, 45, 27, 46, 28, 47, 29, 48, 30, 49, 31, 124, 32, 106, 33
   167 000003DD 1C2F1D301E311F7C20-
   168 000003E6 6A21               
   169 000003E8 64227523362445255B-     db 100, 34, 117, 35, 54, 36, 69, 37, 91, 38, 59, 39, 58, 40, 59, 41, 60, 42, 61, 43
   170 000003F1 263B273A283B293C2A-
   171 000003FA 3D2B               
   172 000003FC 3E2C3F2D402E642F49-     db 62, 44, 63, 45, 64, 46, 100, 47, 73, 48, 67, 49, 68, 50, 69, 51, 70, 52, 71, 53
   173 00000405 304331443245334634-
   174 0000040E 4735               
   175 00000410 483672374A384B394C-     db 72, 54, 114, 55, 74, 56, 75, 57, 76, 58, 77, 59, 78, 60, 143, 61, 116, 62, 95, 63
   176 00000419 3A4D3B4E3C8F3D743E-
   177 00000422 5F3F               
   178 00000424 914053415442554356-     db 145, 64, 83, 65, 84, 66, 85, 67, 86, 68, 87, 69, 152, 70, 125, 71, 104, 72, 154, 73
   179 0000042D 44574598467D476848-
   180 00000436 9A49               
   181 00000438 5C4A5F4B8F4CA64D9F-     db 92, 74, 95, 75, 143, 76, 166, 77, 159, 78, 97, 79, 98, 80, 99, 81, 100, 82, 101, 83
   182 00000441 4E614F625063516452-
   183 0000044A 6553               
   184 0000044C 66546755685669576A-     db 102, 84, 103, 85, 104, 86, 105, 87, 106, 88, 107, 89, 108, 90, 109, 91, 110, 92, 111, 93
   185 00000455 586B596C5A6D5B6E5C-
   186 0000045E 6F5D               
   187 00000460 200E210F2210231124-     db 32, 14, 33, 15, 34, 16, 35, 17, 36, 18, 37, 19, 38, 20, 39, 21, 40, 22, 41, 23
   188 00000469 122513261427152816-
   189 00000472 2917               
   190 00000474 2A182B192C1A2D1B2E-     db 42, 24, 43, 25, 44, 26, 45, 27, 46, 28, 47, 29, 122, 30, 98, 31, 98, 32, 115, 33
   191 0000047D 1C2F1D7A1E621F6220-
   192 00000486 7321               
   193 00000488 3422352344245A2538-     db 52, 34, 53, 35, 68, 36, 90, 37, 56, 38, 57, 39, 58, 40, 59, 41, 72, 42, 129, 43
   194 00000491 2639273A283B29482A-
   195 0000049A 812B               
   196 0000049C 7C2C7D2D822E4F2F81-     db 124, 44, 125, 45, 130, 46, 79, 47, 129, 48, 67, 49, 68, 50, 69, 51, 70, 52, 71, 53
   197 000004A5 304331443245334634-
   198 000004AE 4735               
   199 000004B0 483672374A384B394C-     db 72, 54, 114, 55, 74, 56, 75, 57, 76, 58, 77, 59, 78, 60, 79, 61, 143, 62, 95, 63
   200 000004B9 3A4D3B4E3C4F3D8F3E-
   201 000004C2 5F3F               
   202 000004C4 964091419242974364-     db 150, 64, 145, 65, 146, 66, 151, 67, 100, 68, 87, 69, 88, 70, 89, 71, 154, 72, 127, 73
   203 000004CD 445745584659479A48-
   204 000004D6 7F49               
   205 000004D8 6A4A9C4B5E4C614D91-     db 106, 74, 156, 75, 94, 76, 97, 77, 145, 78, 168, 79, 98, 80, 99, 81, 100, 82, 101, 83
   206 000004E1 4EA84F625063516452-
   207 000004EA 6553               
   208 000004EC 66546755685669576A-     db 102, 84, 103, 85, 104, 86, 105, 87, 106, 88, 107, 89, 108, 90, 109, 91, 110, 92, 111, 93
   209 000004F5 586B596C5A6D5B6E5C-
   210 000004FE 6F5D               
   211 00000500 200E210F2210231124-     db 32, 14, 33, 15, 34, 16, 35, 17, 36, 18, 37, 19, 38, 20, 39, 21, 40, 22, 41, 23
   212 00000509 122513261427152816-
   213 00000512 2917               
   214 00000514 2A182B192C1A2D1B2E-     db 42, 24, 43, 25, 44, 26, 45, 27, 46, 28, 121, 29, 97, 30, 111, 31, 50, 32, 51, 33
   215 0000051D 1C791D611E6F1F3220-
   216 00000526 3321               
   217 00000528 422258233824372538-     db 66, 34, 88, 35, 56, 36, 55, 37, 56, 38, 57, 39, 73, 40, 123, 41, 60, 42, 61, 43
   218 00000531 26392749287B293C2A-
   219 0000053A 3D2B               
   220 0000053C 3E2C4D2D4B2E432F42-     db 62, 44, 77, 45, 75, 46, 67, 47, 66, 48, 127, 49, 68, 50, 69, 51, 70, 52, 71, 53
   221 00000545 307F31443245334634-
   222 0000054E 4735               
   223 00000550 483672374A384B394C-     db 72, 54, 114, 55, 74, 56, 75, 57, 76, 58, 77, 59, 78, 60, 94, 61, 80, 62, 83, 63
   224 00000559 3A4D3B4E3C5E3D503E-
   225 00000562 533F               
   226 00000564 5D4061415442554356-     db 93, 64, 97, 65, 84, 66, 85, 67, 86, 68, 151, 69, 148, 70, 89, 71, 90, 72, 91, 73
   227 0000056D 449745944659475A48-
   228 00000576 5B49               
   229 00000578 9C4A814B6C4C5F4D60-     db 156, 74, 129, 75, 108, 76, 95, 77, 96, 78, 153, 79, 147, 80, 99, 81, 100, 82, 101, 83
   230 00000581 4E994F935063516452-
   231 0000058A 6553               
   232 0000058C 66546755685669576A-     db 102, 84, 103, 85, 104, 86, 105, 87, 106, 88, 107, 89, 108, 90, 109, 91, 110, 92, 111, 93
   233 00000595 586B596C5A6D5B6E5C-
   234 0000059E 6F5D               
   235 000005A0 200E210F2210231124-     db 32, 14, 33, 15, 34, 16, 35, 17, 36, 18, 37, 19, 38, 20, 39, 21, 40, 22, 41, 23
   236 000005A9 122513261427152816-
   237 000005B2 2917               
   238 000005B4 2A182B192C1A2D1B78-     db 42, 24, 43, 25, 44, 26, 45, 27, 120, 28, 96, 29, 55, 30, 49, 31, 50, 32, 65, 33
   239 000005BD 1C601D371E311F3220-
   240 000005C6 4121               
   241 000005C8 57223C233624372538-     db 87, 34, 60, 35, 54, 36, 55, 37, 56, 38, 149, 39, 122, 40, 59, 41, 60, 42, 75, 43
   242 000005D1 2695277A283B293C2A-
   243 000005DA 4B2B               
   244 000005DC 402C3F2D402E412F42-     db 64, 44, 63, 45, 64, 46, 65, 47, 66, 48, 76, 49, 68, 50, 69, 51, 70, 52, 71, 53
   245 000005E5 304C31443245334634-
   246 000005EE 4735               
   247 000005F0 873672374A384B394C-     db 135, 54, 114, 55, 74, 56, 75, 57, 76, 58, 77, 59, 86, 60, 79, 61, 80, 62, 81, 63
   248 000005F9 3A4D3B563C4F3D503E-
   249 00000602 513F               
   250 00000604 524053415642634356-     db 82, 64, 83, 65, 86, 66, 99, 67, 86, 68, 87, 69, 180, 70, 89, 71, 90, 72, 91, 73
   251 0000060D 445745B44659475A48-
   252 00000616 5B49               
   253 00000618 5C4A9D4B824C6D4D60-     db 92, 74, 157, 75, 130, 76, 109, 77, 96, 78, 97, 79, 118, 80, 102, 81, 100, 82, 101, 83
   254 00000621 4E614F765066516452-
   255 0000062A 6553               
   256 0000062C 66546755685669576A-     db 102, 84, 103, 85, 104, 86, 105, 87, 106, 88, 107, 89, 108, 90, 109, 91, 110, 92, 111, 93
   257 00000635 586B596C5A6D5B6E5C-
   258 0000063E 6F5D               
   259 00000640 200E210F2210231124-     db 32, 14, 33, 15, 34, 16, 35, 17, 36, 18, 37, 19, 38, 20, 39, 21, 40, 22, 41, 23
   260 00000649 122513261427152816-
   261 00000652 2917               
   262 00000654 2A182B192C1A2D1B5F-     db 42, 24, 43, 25, 44, 26, 45, 27, 95, 28, 117, 29, 48, 30, 49, 31, 64, 32, 86, 33
   263 0000065D 1C751D301E311F4020-
   264 00000666 5621               
   265 00000668 342235233624372538-     db 52, 34, 53, 35, 54, 36, 55, 37, 56, 38, 65, 39, 58, 40, 59, 41, 60, 42, 69, 43
   266 00000671 2641273A283B293C2A-
   267 0000067A 452B               
   268 0000067C 3E2C3F2D402E412F51-     db 62, 44, 63, 45, 64, 46, 65, 47, 81, 48, 67, 49, 68, 50, 69, 51, 70, 52, 86, 53
   269 00000685 304331443245334634-
   270 0000068E 5635               
   271 00000690 4836583786384B394C-     db 72, 54, 88, 55, 134, 56, 75, 57, 76, 58, 77, 59, 78, 60, 139, 61, 80, 62, 81, 63
   272 00000699 3A4D3B4E3C8B3D503E-
   273 000006A2 513F               
   274 000006A4 5240534154425E4356-     db 82, 64, 83, 65, 84, 66, 94, 67, 86, 68, 87, 69, 97, 70, 89, 71, 90, 72, 91, 73
   275 000006AD 445745614659475A48-
   276 000006B6 5B49               
   277 000006B8 5C4A5D4B9E4C834D6E-     db 92, 74, 93, 75, 158, 76, 131, 77, 110, 78, 97, 79, 98, 80, 148, 81, 171, 82, 101, 83
   278 000006C1 4E614F62509451AB52-
   279 000006CA 6553               
   280 000006CC 66546755685669576A-     db 102, 84, 103, 85, 104, 86, 105, 87, 106, 88, 107, 89, 108, 90, 109, 91, 110, 92, 111, 93
   281 000006D5 586B596C5A6D5B6E5C-
   282 000006DE 6F5D               
   283 000006E0 200E210F2210231124-     db 32, 14, 33, 15, 34, 16, 35, 17, 36, 18, 37, 19, 38, 20, 39, 21, 40, 22, 41, 23
   284 000006E9 122513261427152816-
   285 000006F2 2917               
   286 000006F4 2A182B192C1A771B65-     db 42, 24, 43, 25, 44, 26, 119, 27, 101, 28, 47, 29, 48, 30, 49, 31, 85, 32, 58, 33
   287 000006FD 1C2F1D301E311F5520-
   288 00000706 3A21               
   289 00000708 342235233624372538-     db 52, 34, 53, 35, 54, 36, 55, 37, 56, 38, 57, 39, 118, 40, 122, 41, 123, 42, 121, 43
   290 00000711 26392776287A297B2A-
   291 0000071A 792B               
   292 0000071C 7D2C4D2D4B2E482F42-     db 125, 44, 77, 45, 75, 46, 72, 47, 66, 48, 67, 49, 68, 50, 69, 51, 85, 52, 71, 53
   293 00000725 304331443245335534-
   294 0000072E 4735               
   295 00000730 573649374A3887394C-     db 87, 54, 73, 55, 74, 56, 135, 57, 76, 58, 77, 59, 78, 60, 79, 61, 144, 62, 92, 63
   296 00000739 3A4D3B4E3C4F3D903E-
   297 00000742 5C3F               
   298 00000744 604092416342944395-     db 96, 64, 146, 65, 99, 66, 148, 67, 149, 68, 102, 69, 88, 70, 89, 71, 90, 72, 91, 73
   299 0000074D 446645584659475A48-
   300 00000756 5B49               
   301 00000758 5C4A5D4B5E4C9F4D84-     db 92, 74, 93, 75, 94, 76, 159, 77, 132, 78, 97, 79, 98, 80, 173, 81, 149, 82, 101, 83
   302 00000761 4E614F6250AD519552-
   303 0000076A 6553               
   304 0000076C 66546755685669576A-     db 102, 84, 103, 85, 104, 86, 105, 87, 106, 88, 107, 89, 108, 90, 109, 91, 110, 92, 111, 93
   305 00000775 586B596C5A6D5B6E5C-
   306 0000077E 6F5D               
   307 00000780 200E210F2210231124-     db 32, 14, 33, 15, 34, 16, 35, 17, 36, 18, 37, 19, 38, 20, 39, 21, 40, 22, 41, 23
   308 00000789 122513261427152816-
   309 00000792 2917               
   310 00000794 2A182B192C1A5E1B74-     db 42, 24, 43, 25, 44, 26, 94, 27, 116, 28, 47, 29, 48, 30, 49, 31, 85, 32, 51, 33
   311 0000079D 1C2F1D301E311F5520-
   312 000007A6 3321               
   313 000007A8 342235233624372538-     db 52, 34, 53, 35, 54, 36, 55, 37, 56, 38, 57, 39, 58, 40, 59, 41, 95, 42, 61, 43
   314 000007B1 2639273A283B295F2A-
   315 000007BA 3D2B               
   316 000007BC 3E2C3F2D402E412F42-     db 62, 44, 63, 45, 64, 46, 65, 47, 66, 48, 67, 49, 68, 50, 84, 51, 133, 52, 86, 53
   317 000007C5 304331443254338534-
   318 000007CE 5635               
   319 000007D0 483649374A384B3988-     db 72, 54, 73, 55, 74, 56, 75, 57, 136, 58, 77, 59, 78, 60, 79, 61, 80, 62, 81, 63
   320 000007D9 3A4D3B4E3C4F3D503E-
   321 000007E2 513F               
   322 000007E4 52405341544255437A-     db 82, 64, 83, 65, 84, 66, 85, 67, 122, 68, 87, 69, 88, 70, 89, 71, 90, 72, 91, 73
   323 000007ED 445745584659475A48-
   324 000007F6 5B49               
   325 000007F8 5C4A5D4B5E4C5F4D84-     db 92, 74, 93, 75, 94, 76, 95, 77, 132, 78, 97, 79, 98, 80, 99, 81, 149, 82, 176, 83
   326 00000801 4E614F625063519552-
   327 0000080A B053               
   328 0000080C 66546755685669576A-     db 102, 84, 103, 85, 104, 86, 105, 87, 106, 88, 107, 89, 108, 90, 109, 91, 110, 92, 111, 93
   329 00000815 586B596C5A6D5B6E5C-
   330 0000081E 6F5D               
   331 00000820 200E210F2210231124-     db 32, 14, 33, 15, 34, 16, 35, 17, 36, 18, 37, 19, 38, 20, 39, 21, 40, 22, 41, 23
   332 00000829 122513261427152816-
   333 00000832 2917               
   334 00000834 2A182B192C1A5E1B74-     db 42, 24, 43, 25, 44, 26, 94, 27, 116, 28, 47, 29, 48, 30, 49, 31, 85, 32, 51, 33
   335 0000083D 1C2F1D301E311F5520-
   336 00000846 3321               
   337 00000848 342235233624372538-     db 52, 34, 53, 35, 54, 36, 55, 37, 56, 38, 120, 39, 58, 40, 59, 41, 95, 42, 61, 43
   338 00000851 2678273A283B295F2A-
   339 0000085A 3D2B               
   340 0000085C 3E2C3F2D402E412F42-     db 62, 44, 63, 45, 64, 46, 65, 47, 66, 48, 67, 49, 68, 50, 129, 51, 133, 52, 131, 53
   341 00000865 304331443281338534-
   342 0000086E 8335               
   343 00000870 8736883789388A395B-     db 135, 54, 136, 55, 137, 56, 138, 57, 91, 58, 77, 59, 78, 60, 79, 61, 80, 62, 81, 63
   344 00000879 3A4D3B4E3C4F3D503E-
   345 00000882 513F               
   346 00000884 52405341544255437A-     db 82, 64, 83, 65, 84, 66, 85, 67, 122, 68, 87, 69, 88, 70, 152, 71, 90, 72, 91, 73
   347 0000088D 445745584698475A48-
   348 00000896 5B49               
   349 00000898 5C4A5D4B5E4C5F4D84-     db 92, 74, 93, 75, 94, 76, 95, 77, 132, 78, 97, 79, 98, 80, 99, 81, 149, 82, 139, 83
   350 000008A1 4E614F625063519552-
   351 000008AA 8B53               
   352 000008AC 66546755685669576A-     db 102, 84, 103, 85, 104, 86, 105, 87, 106, 88, 107, 89, 108, 90, 109, 91, 110, 92, 111, 93
   353 000008B5 586B596C5A6D5B6E5C-
   354 000008BE 6F5D               
   355 000008C0 200E210F2210231124-     db 32, 14, 33, 15, 34, 16, 35, 17, 36, 18, 37, 19, 38, 20, 39, 21, 40, 22, 41, 23
   356 000008C9 122513261427152816-
   357 000008D2 2917               
   358 000008D4 2A182B192C1A5E1B5A-     db 42, 24, 43, 25, 44, 26, 94, 27, 90, 28, 47, 29, 48, 30, 49, 31, 85, 32, 51, 33
   359 000008DD 1C2F1D301E311F5520-
   360 000008E6 3321               
   361 000008E8 342235233624372538-     db 52, 34, 53, 35, 54, 36, 55, 37, 56, 38, 117, 39, 122, 40, 70, 41, 74, 42, 124, 43
   362 000008F1 2675277A2846294A2A-
   363 000008FA 7C2B               
   364 000008FC 7D2C3F2D402E412F42-     db 125, 44, 63, 45, 64, 46, 65, 47, 66, 48, 67, 49, 131, 50, 132, 51, 133, 52, 134, 53
   365 00000905 304331833284338534-
   366 0000090E 8635               
   367 00000910 8736883789384B394C-     db 135, 54, 136, 55, 137, 56, 75, 57, 76, 58, 77, 59, 78, 60, 79, 61, 143, 62, 144, 63
   368 00000919 3A4D3B4E3C4F3D8F3E-
   369 00000922 903F               
   370 00000924 914092419342944364-     db 145, 64, 146, 65, 147, 66, 148, 67, 100, 68, 98, 69, 95, 70, 104, 71, 90, 72, 91, 73
   371 0000092D 4462455F4668475A48-
   372 00000936 5B49               
   373 00000938 5C4A5D4B5E4C5F4D84-     db 92, 74, 93, 75, 94, 76, 95, 77, 132, 78, 97, 79, 98, 80, 99, 81, 149, 82, 139, 83
   374 00000941 4E614F625063519552-
   375 0000094A 8B53               
   376 0000094C 66546755685669576A-     db 102, 84, 103, 85, 104, 86, 105, 87, 106, 88, 107, 89, 108, 90, 109, 91, 110, 92, 111, 93
   377 00000955 586B596C5A6D5B6E5C-
   378 0000095E 6F5D               
   379 00000960 200E210F2210231124-     db 32, 14, 33, 15, 34, 16, 35, 17, 36, 18, 37, 19, 38, 20, 39, 21, 40, 22, 41, 23
   380 00000969 122513261427152816-
   381 00000972 2917               
   382 00000974 2A182B192C1A4F1B34-     db 42, 24, 43, 25, 44, 26, 79, 27, 52, 28, 47, 29, 48, 30, 49, 31, 85, 32, 65, 33
   383 0000097D 1C2F1D301E311F5520-
   384 00000986 4121               
   385 00000988 342235233624372538-     db 52, 34, 53, 35, 54, 36, 55, 37, 56, 38, 57, 39, 118, 40, 59, 41, 60, 42, 61, 43
   386 00000991 26392776283B293C2A-
   387 0000099A 3D2B               
   388 0000099C 7A2C9B2D402E412F42-     db 122, 44, 155, 45, 64, 46, 65, 47, 66, 48, 67, 49, 160, 50, 161, 51, 70, 52, 71, 53
   389 000009A5 304331A032A1334634-
   390 000009AE 4735               
   391 000009B0 483649374A38A7394C-     db 72, 54, 73, 55, 74, 56, 167, 57, 76, 58, 77, 59, 78, 60, 79, 61, 172, 62, 173, 63
   392 000009B9 3A4D3B4E3C4F3DAC3E-
   393 000009C2 AD3F               
   394 000009C4 524053415442554356-     db 82, 64, 83, 65, 84, 66, 85, 67, 86, 68, 87, 69, 103, 70, 89, 71, 90, 72, 91, 73
   395 000009CD 445745674659475A48-
   396 000009D6 5B49               
   397 000009D8 5C4A5D4B5E4C5F4D84-     db 92, 74, 93, 75, 94, 76, 95, 77, 132, 78, 97, 79, 98, 80, 99, 81, 149, 82, 171, 83
   398 000009E1 4E614F625063519552-
   399 000009EA AB53               
   400 000009EC 66546755685669576A-     db 102, 84, 103, 85, 104, 86, 105, 87, 106, 88, 107, 89, 108, 90, 109, 91, 110, 92, 111, 93
   401 000009F5 586B596C5A6D5B6E5C-
   402 000009FE 6F5D               
   403 00000A00 200E210F2210231124-     db 32, 14, 33, 15, 34, 16, 35, 17, 36, 18, 37, 19, 38, 20, 39, 21, 40, 22, 41, 23
   404 00000A09 122513261427152816-
   405 00000A12 2917               
   406 00000A14 2A182B192C1A771B5F-     db 42, 24, 43, 25, 44, 26, 119, 27, 95, 28, 47, 29, 48, 30, 49, 31, 114, 32, 86, 33
   407 00000A1D 1C2F1D301E311F7220-
   408 00000A26 5621               
   409 00000A28 422235233624372538-     db 66, 34, 53, 35, 54, 36, 55, 37, 56, 38, 57, 39, 58, 40, 119, 41, 60, 42, 61, 43
   410 00000A31 2639273A2877293C2A-
   411 00000A3A 3D2B               
   412 00000A3C 3E2C9B2D7F2E802F81-     db 62, 44, 155, 45, 127, 46, 128, 47, 129, 48, 130, 49, 160, 50, 84, 51, 70, 52, 71, 53
   413 00000A45 308231A03254334634-
   414 00000A4E 4735               
   415 00000A50 483649374A38A7398B-     db 72, 54, 73, 55, 74, 56, 167, 57, 139, 58, 140, 59, 141, 60, 142, 61, 172, 62, 96, 63
   416 00000A59 3A8C3B8D3C8E3DAC3E-
   417 00000A62 603F               
   418 00000A64 914092415442554356-     db 145, 64, 146, 65, 84, 66, 85, 67, 86, 68, 102, 69, 88, 70, 89, 71, 90, 72, 91, 73
   419 00000A6D 446645584659475A48-
   420 00000A76 5B49               
   421 00000A78 5C4A5D4B6C4C834D67-     db 92, 74, 93, 75, 108, 76, 131, 77, 103, 78, 97, 79, 98, 80, 99, 81, 174, 82, 156, 83
   422 00000A81 4E614F62506351AE52-
   423 00000A8A 9C53               
   424 00000A8C 66546755685669576A-     db 102, 84, 103, 85, 104, 86, 105, 87, 106, 88, 107, 89, 108, 90, 109, 91, 110, 92, 111, 93
   425 00000A95 586B596C5A6D5B6E5C-
   426 00000A9E 6F5D               
   427 00000AA0 200E210F2210231124-     db 32, 14, 33, 15, 34, 16, 35, 17, 36, 18, 37, 19, 38, 20, 39, 21, 40, 22, 41, 23
   428 00000AA9 122513261427152816-
   429 00000AB2 2917               
   430 00000AB4 2A182B192C1A2D1B62-     db 42, 24, 43, 25, 44, 26, 45, 27, 98, 28, 96, 29, 48, 30, 49, 31, 50, 32, 115, 33
   431 00000ABD 1C601D301E311F3220-
   432 00000AC6 7321               
   433 00000AC8 572243233624372538-     db 87, 34, 67, 35, 54, 36, 55, 37, 56, 38, 57, 39, 58, 40, 59, 41, 120, 42, 75, 43
   434 00000AD1 2639273A283B29782A-
   435 00000ADA 4B2B               
   436 00000ADC 7D2C3F2D402E412F82-     db 125, 44, 63, 45, 64, 46, 65, 47, 130, 48, 78, 49, 82, 50, 132, 51, 133, 52, 134, 53
   437 00000AE5 304E31523284338534-
   438 00000AEE 8635               
   439 00000AF0 8736883789388A398B-     db 135, 54, 136, 55, 137, 56, 138, 57, 139, 58, 140, 59, 141, 60, 94, 61, 143, 62, 144, 63
   440 00000AF9 3A8C3B8D3C5E3D8F3E-
   441 00000B02 903F               
   442 00000B04 91406241B042944365-     db 145, 64, 98, 65, 176, 66, 148, 67, 101, 68, 87, 69, 88, 70, 89, 71, 90, 72, 91, 73
   443 00000B0D 445745584659475A48-
   444 00000B16 5B49               
   445 00000B18 5C4A6B4B824C664D60-     db 92, 74, 107, 75, 130, 76, 102, 77, 96, 78, 97, 79, 98, 80, 173, 81, 149, 82, 165, 83
   446 00000B21 4E614F6250AD519552-
   447 00000B2A A553               
   448 00000B2C 66546755685669576A-     db 102, 84, 103, 85, 104, 86, 105, 87, 106, 88, 107, 89, 108, 90, 109, 91, 110, 92, 111, 93
   449 00000B35 586B596C5A6D5B6E5C-
   450 00000B3E 6F5D               
   451 00000B40 200E210F2210231124-     db 32, 14, 33, 15, 34, 16, 35, 17, 36, 18, 37, 19, 38, 20, 39, 21, 40, 22, 41, 23
   452 00000B49 122513261427152816-
   453 00000B52 2917               
   454 00000B54 2A182B192C1A2D1B2E-     db 42, 24, 43, 25, 44, 26, 45, 27, 46, 28, 72, 29, 97, 30, 49, 31, 50, 32, 51, 33
   455 00000B5D 1C481D611E311F3220-
   456 00000B66 3321               
   457 00000B68 742258234424372538-     db 116, 34, 88, 35, 68, 36, 55, 37, 56, 38, 57, 39, 58, 40, 59, 41, 60, 42, 96, 43
   458 00000B71 2639273A283B293C2A-
   459 00000B7A 602B               
   460 00000B7C 4C2C7F2D4B2E4F2F81-     db 76, 44, 127, 45, 75, 46, 79, 47, 129, 48, 67, 49, 68, 50, 69, 51, 70, 52, 71, 53
   461 00000B85 304331443245334634-
   462 00000B8E 4735               
   463 00000B90 483649374A384B394C-     db 72, 54, 73, 55, 74, 56, 75, 57, 76, 58, 77, 59, 170, 60, 79, 61, 80, 62, 81, 63
   464 00000B99 3A4D3BAA3C4F3D503E-
   465 00000BA2 513F               
   466 00000BA4 AE406241624279435D-     db 174, 64, 98, 65, 98, 66, 121, 67, 93, 68, 87, 69, 88, 70, 89, 71, 90, 72, 91, 73
   467 00000BAD 445745584659475A48-
   468 00000BB6 5B49               
   469 00000BB8 6A4A814B654C5F4D60-     db 106, 74, 129, 75, 101, 76, 95, 77, 96, 78, 97, 79, 172, 80, 148, 81, 107, 82, 101, 83
   470 00000BC1 4E614FAC5094516B52-
   471 00000BCA 6553               
   472 00000BCC 66546755685669576A-     db 102, 84, 103, 85, 104, 86, 105, 87, 106, 88, 107, 89, 108, 90, 109, 91, 110, 92, 111, 93
   473 00000BD5 586B596C5A6D5B6E5C-
   474 00000BDE 6F5D               
   475 00000BE0 200E210F2210231124-     db 32, 14, 33, 15, 34, 16, 35, 17, 36, 18, 37, 19, 38, 20, 39, 21, 40, 22, 41, 23
   476 00000BE9 122513261427152816-
   477 00000BF2 2917               
   478 00000BF4 2A182B192C1A2D1B2E-     db 42, 24, 43, 25, 44, 26, 45, 27, 46, 28, 47, 29, 50, 30, 98, 31, 121, 32, 51, 33
   479 00000BFD 1C2F1D321E621F7920-
   480 00000C06 3321               
   481 00000C08 342275235924452538-     db 52, 34, 117, 35, 89, 36, 69, 37, 56, 38, 57, 39, 58, 40, 59, 41, 60, 42, 125, 43
   482 00000C11 2639273A283B293C2A-
   483 00000C1A 7D2B               
   484 00000C1C 612C4D2D402E412F42-     db 97, 44, 77, 45, 64, 46, 65, 47, 66, 48, 131, 49, 70, 50, 80, 51, 83, 52, 84, 53
   485 00000C25 308331463250335334-
   486 00000C2E 5435               
   487 00000C30 553656375738583959-     db 85, 54, 86, 55, 87, 56, 88, 57, 89, 58, 84, 59, 78, 60, 79, 61, 80, 62, 88, 63
   488 00000C39 3A543B4E3C4F3D503E-
   489 00000C42 583F               
   490 00000C44 5240614178425C4356-     db 82, 64, 97, 65, 120, 66, 92, 67, 86, 68, 87, 69, 88, 70, 89, 71, 90, 72, 105, 73
   491 00000C4D 445745584659475A48-
   492 00000C56 6949               
   493 00000C58 804A644B5E4C5F4D60-     db 128, 74, 100, 75, 94, 76, 95, 77, 96, 78, 177, 79, 153, 80, 163, 81, 100, 82, 101, 83
   494 00000C61 4EB14F9950A3516452-
   495 00000C6A 6553               
   496 00000C6C 66546755685669576A-     db 102, 84, 103, 85, 104, 86, 105, 87, 106, 88, 107, 89, 108, 90, 109, 91, 110, 92, 111, 93
   497 00000C75 586B596C5A6D5B6E5C-
   498 00000C7E 6F5D               
   499 00000C80 200E210F2210231124-     db 32, 14, 33, 15, 34, 16, 35, 17, 36, 18, 37, 19, 38, 20, 39, 21, 40, 22, 41, 23
   500 00000C89 122513261427152816-
   501 00000C92 2917               
   502 00000C94 2A182B192C1A2D1B2E-     db 42, 24, 43, 25, 44, 26, 45, 27, 46, 28, 47, 29, 48, 30, 111, 31, 105, 32, 100, 33
   503 00000C9D 1C2F1D301E6F1F6920-
   504 00000CA6 6421               
   505 00000CA8 8D22352376245A2546-     db 141, 34, 53, 35, 118, 36, 90, 37, 70, 38, 57, 39, 58, 40, 59, 41, 60, 42, 61, 43
   506 00000CB1 2639273A283B293C2A-
   507 00000CBA 3D2B               
   508 00000CBC 7E2C622D4E2E412F42-     db 126, 44, 98, 45, 78, 46, 65, 47, 66, 48, 67, 49, 68, 50, 69, 51, 70, 52, 71, 53
   509 00000CC5 304331443245334634-
   510 00000CCE 4735               
   511 00000CD0 483672374A384B394C-     db 72, 54, 114, 55, 74, 56, 75, 57, 76, 58, 77, 59, 78, 60, 79, 61, 80, 62, 81, 63
   512 00000CD9 3A4D3B4E3C4F3D503E-
   513 00000CE2 513F               
   514 00000CE4 604077415B42554356-     db 96, 64, 119, 65, 91, 66, 85, 67, 86, 68, 87, 69, 88, 70, 152, 71, 104, 72, 127, 73
   515 00000CED 445745584698476848-
   516 00000CF6 7F49               
   517 00000CF8 634A5D4BB74C964D62-     db 99, 74, 93, 75, 183, 76, 150, 77, 98, 78, 97, 79, 98, 80, 99, 81, 100, 82, 101, 83
   518 00000D01 4E614F625063516452-
   519 00000D0A 6553               
   520 00000D0C 66546755685669576A-     db 102, 84, 103, 85, 104, 86, 105, 87, 106, 88, 107, 89, 108, 90, 109, 91, 110, 92, 111, 93
   521 00000D15 586B596C5A6D5B6E5C-
   522 00000D1E 6F5D               
   523 00000D20 200E210F2210231124-     db 32, 14, 33, 15, 34, 16, 35, 17, 36, 18, 37, 19, 38, 20, 39, 21, 40, 22, 41, 23
   524 00000D29 122513261427152816-
   525 00000D32 2917               
   526 00000D34 2A182B192C1A2D1B2E-     db 42, 24, 43, 25, 44, 26, 45, 27, 46, 28, 47, 29, 48, 30, 49, 31, 50, 32, 113, 33
   527 00000D3D 1C2F1D301E311F3220-
   528 00000D46 7121               
   529 00000D48 4D2266238F24762578-     db 77, 34, 102, 35, 143, 36, 118, 37, 120, 38, 92, 39, 72, 40, 59, 41, 60, 42, 61, 43
   530 00000D51 265C2748283B293C2A-
   531 00000D5A 3D2B               
   532 00000D5C 3E2C7F2D632E4F2F42-     db 62, 44, 127, 45, 99, 46, 79, 47, 66, 48, 67, 49, 68, 50, 69, 51, 70, 52, 71, 53
   533 00000D65 304331443245334634-
   534 00000D6E 4735               
   535 00000D70 483672374A384B394C-     db 72, 54, 114, 55, 74, 56, 75, 57, 76, 58, 77, 59, 78, 60, 79, 61, 80, 62, 95, 63
   536 00000D79 3A4D3B4E3C4F3D503E-
   537 00000D82 5F3F               
   538 00000D84 76405A415442554356-     db 118, 64, 90, 65, 84, 66, 85, 67, 86, 68, 150, 69, 102, 70, 125, 71, 90, 72, 165, 73
   539 00000D8D 44964566467D475A48-
   540 00000D96 A549               
   541 00000D98 A34A944B604C5F4D60-     db 163, 74, 148, 75, 96, 76, 95, 77, 96, 78, 97, 79, 98, 80, 99, 81, 100, 82, 101, 83
   542 00000DA1 4E614F625063516452-
   543 00000DAA 6553               
   544 00000DAC 66546755685669576A-     db 102, 84, 103, 85, 104, 86, 105, 87, 106, 88, 107, 89, 108, 90, 109, 91, 110, 92, 111, 93
   545 00000DB5 586B596C5A6D5B6E5C-
   546 00000DBE 6F5D               
   547 00000DC0 200E210F2210231124-     db 32, 14, 33, 15, 34, 16, 35, 17, 36, 18, 37, 19, 38, 20, 39, 21, 40, 22, 41, 23
   548 00000DC9 122513261427152816-
   549 00000DD2 2917               
   550 00000DD4 2A182B192C1A2D1B2E-     db 42, 24, 43, 25, 44, 26, 45, 27, 46, 28, 47, 29, 48, 30, 49, 31, 50, 32, 51, 33
   551 00000DDD 1C2F1D301E311F3220-
   552 00000DE6 3321               
   553 00000DE8 34223523762450256F-     db 52, 34, 53, 35, 118, 36, 80, 37, 111, 38, 106, 39, 129, 40, 94, 41, 74, 42, 124, 43
   554 00000DF1 266A2781285E294A2A-
   555 00000DFA 7C2B               
   556 00000DFC 7D2C3F2D802E642F50-     db 125, 44, 63, 45, 128, 46, 100, 47, 80, 48, 67, 49, 68, 50, 69, 51, 70, 52, 71, 53
   557 00000E05 304331443245334634-
   558 00000E0E 4735               
   559 00000E10 483672374A384B394C-     db 72, 54, 114, 55, 74, 56, 75, 57, 76, 58, 77, 59, 78, 60, 79, 61, 94, 62, 117, 63
   560 00000E19 3A4D3B4E3C4F3D5E3E-
   561 00000E22 753F               
   562 00000E24 594053415442944364-     db 89, 64, 83, 65, 84, 66, 148, 67, 100, 68, 123, 69, 168, 70, 121, 71, 122, 72, 93, 73
   563 00000E2D 447B45A84679477A48-
   564 00000E36 5D49               
   565 00000E38 9C4A5D4B5E4C5F4D60-     db 156, 74, 93, 75, 94, 76, 95, 77, 96, 78, 97, 79, 98, 80, 99, 81, 100, 82, 101, 83
   566 00000E41 4E614F625063516452-
   567 00000E4A 6553               
   568 00000E4C 66546755685669576A-     db 102, 84, 103, 85, 104, 86, 105, 87, 106, 88, 107, 89, 108, 90, 109, 91, 110, 92, 111, 93
   569 00000E55 586B596C5A6D5B6E5C-
   570 00000E5E 6F5D               
   571 00000E60 200E210F2210231124-     db 32, 14, 33, 15, 34, 16, 35, 17, 36, 18, 37, 19, 38, 20, 39, 21, 40, 22, 41, 23
   572 00000E69 122513261427152816-
   573 00000E72 2917               
   574 00000E74 2A182B192C1A2D1B2E-     db 42, 24, 43, 25, 44, 26, 45, 27, 46, 28, 47, 29, 48, 30, 49, 31, 50, 32, 51, 33
   575 00000E7D 1C2F1D301E311F3220-
   576 00000E86 3321               
   577 00000E88 342235233624372538-     db 52, 34, 53, 35, 54, 36, 55, 37, 56, 38, 57, 39, 122, 40, 61, 41, 62, 42, 86, 43
   578 00000E91 2639277A283D293E2A-
   579 00000E9A 562B               
   580 00000E9C 752C702D712E882F89-     db 117, 44, 112, 45, 113, 46, 136, 47, 137, 48, 156, 49, 157, 50, 158, 51, 159, 52, 160, 53
   581 00000EA5 309C319D329E339F34-
   582 00000EAE A035               
   583 00000EB0 A1369037A338A439A5-     db 161, 54, 144, 55, 163, 56, 164, 57, 165, 58, 166, 59, 167, 60, 128, 61, 151, 62, 152, 63
   584 00000EB9 3AA63BA73C803D973E-
   585 00000EC2 983F               
   586 00000EC4 83408A4185427D4358-     db 131, 64, 138, 65, 133, 66, 125, 67, 88, 68, 89, 69, 88, 70, 89, 71, 90, 72, 91, 73
   587 00000ECD 445945584659475A48-
   588 00000ED6 5B49               
   589 00000ED8 5C4A5D4B5E4C5F4D60-     db 92, 74, 93, 75, 94, 76, 95, 77, 96, 78, 97, 79, 98, 80, 99, 81, 100, 82, 101, 83
   590 00000EE1 4E614F625063516452-
   591 00000EEA 6553               
   592 00000EEC 66546755685669576A-     db 102, 84, 103, 85, 104, 86, 105, 87, 106, 88, 107, 89, 108, 90, 109, 91, 110, 92, 111, 93
   593 00000EF5 586B596C5A6D5B6E5C-
   594 00000EFE 6F5D               
   595                                  
   596 00000F00 0A                      cr:  db 0ah  ;;; carriage return character
   597                                  ;;;;;;;;;;;;;;;;;;;;;;;;;;;;;;;;;;;;;;;;;;;;;;;;;;;;;;;;;;
   598                                  
   599                                  SECTION .bss
   600 00000000 <res 00000004>          val:   resd 1   ;new value after subtraction, this is the value to be printed 
   601                                  
   602                                  
   603                                  SECTION .text
   604                                  
   605                                  global _main
   606                                  _main:
   607                                  
   608 00000000 BB00000000              mov ebx, 0   ;using this as the offset
   609 00000005 BA00000000              mov edx, 0   ;counting column number (0-79) for subtraction
   610 0000000A B918000000              mov ecx, 24  ;24 rows for 24 lines
   611                                  
   612                                  outer1:
   613 0000000F 51                        push ecx
   614 00000010 B950000000                mov ecx, 80  ;80 columns for 80 characters per line
   615                                    
   616                                    inner1:
   617 00000015 0FB683[00000000]             movzx eax, byte[surprise+ebx]  ;moving a surprise value into eax
   618 0000001C 29D0                         sub eax, edx                   ;subtracting the value by the column number
   619 0000001E A3[00000000]                 mov dword[val], eax            ;moving the subtracted value into a variable for printing it out
   620                                       print val                      ;a macro called "print" was defined at the top
   621 00000023 60                  <1>  pusha
   622 00000024 B804000000          <1>  mov eax, 4
   623 00000029 BB01000000          <1>  mov ebx, 1
   624 0000002E B9[00000000]        <1>  mov ecx, %1
   625 00000033 BA01000000          <1>  mov edx, 1
   626 00000038 CD80                <1>  int 80h
   627 0000003A 61                  <1>  popa
   628 0000003B 83C302                       add ebx, 2                     ;adding 2 to skip odd indices (since each value is a byte)
   629 0000003E 42                           inc edx                        ;increasing the column number
   630 0000003F E2D4                      loop inner1
   631                                  
   632                                    print cr                          ;printing a carriage return to go to the next line
   633 00000041 60                  <1>  pusha
   634 00000042 B804000000          <1>  mov eax, 4
   635 00000047 BB01000000          <1>  mov ebx, 1
   636 0000004C B9[000F0000]        <1>  mov ecx, %1
   637 00000051 BA01000000          <1>  mov edx, 1
   638 00000056 CD80                <1>  int 80h
   639 00000058 61                  <1>  popa
   640 00000059 59                        pop ecx
   641 0000005A BA00000000                mov edx, 0                        ;resetting edx to 0 for counting the columns in the next line
   642 0000005F E2AE                      loop outer1 
   643                                  
   644                                  lastBreak:
   645                                  
   646                                  ;normal termination
   647 00000061 B801000000              mov eax, 1
   648 00000066 BB00000000              mov ebx, 0
   649 0000006B CD80                    int 80h
   650                                  
   651                                  
   652                                  
   653                                  
