     1                                  ; Name		Saif Hasan
     2                                  ; CSC 322	11 October 2021
     3                                  ; Assignment	Program 3 : Summing Arrays
     4                                  ; Description	The program sums three different arrays of signed integers, and calculates a grand total of all three sums.
     5                                  
     6                                  SECTION .data
     7                                  ; define data/variables here.  Think DB, DW, DD, DQ
     8 00000000 F614E228CE              bArray:		DB		-10,20,-30,40,-50
     9 00000005 640065006600670068-     wArray:		DW		100,101,102,103,104
    10 0000000E 00                 
    11 0000000F 4201000022030000D2-     dArray:		DD		322,322h,322q,1833,1833h
    12 00000018 000000290700003318-
    13 00000021 0000               
    14 00000023 00                      bArraySum:	DB		0
    15 00000024 0000                    wArraySum:	DW		0
    16 00000026 00000000                dArraySum:	DD		0
    17 0000002A 00000000                grandTotal:	DD		0
    18                                  
    19                                  
    20                                  SECTION .bss
    21                                  ; define uninitialized data here
    22                                  
    23                                  SECTION .text
    24                                  global _main
    25                                  _main:
    26                                  ; put your code here
    27 00000000 8A25[00000000]          mov ah, [bArray]
    28 00000006 0225[01000000]          add ah, [bArray+1]
    29 0000000C 0225[02000000]          add ah, [bArray+2]
    30 00000012 0225[03000000]          add ah, [bArray+3]
    31 00000018 0225[04000000]          add ah, [bArray+4]
    32 0000001E 0025[23000000]          add [bArraySum], ah
    33                                  
    34 00000024 66A1[05000000]          mov ax, [wArray]
    35 0000002A 660305[07000000]        add ax, [wArray+2]
    36 00000031 660305[09000000]        add ax, [wArray+4]
    37 00000038 660305[0B000000]        add ax, [wArray+6]
    38 0000003F 660305[0D000000]        add ax, [wArray+8]
    39 00000046 660105[24000000]        add [wArraySum], ax
    40                                  
    41 0000004D A1[0F000000]            mov eax, [dArray]
    42 00000052 0305[13000000]          add eax, [dArray+4] 
    43 00000058 0305[17000000]          add eax, [dArray+8]
    44 0000005E 0305[1B000000]          add eax, [dArray+12]
    45 00000064 0305[1F000000]          add eax, [dArray+16]
    46 0000006A 0105[26000000]          add [dArraySum], eax
    47                                  
    48                                  ;;calculating the grand total
    49 00000070 0FBE1D[23000000]        movsx ebx, byte [bArraySum] ;;moving bArraySum into a dword register
    50 00000077 0FBF0D[24000000]        movsx ecx, word [wArraySum] ;;moving wArraySum into a dword register
    51 0000007E 8B15[26000000]          mov edx, [dArraySum]
    52                                  break1: 
    53                                  
    54 00000084 01CB                    add ebx, ecx
    55 00000086 01D3                    add ebx, edx
    56 00000088 011D[2A000000]          add [grandTotal], ebx
    57                                  
    58                                  lastBreak:
    59                                  
    60                                  ; Normal termination code
    61 0000008E B801000000              mov eax, 1
    62 00000093 BB00000000              mov ebx, 0
    63 00000098 CD80                    int 80h
