     1                                  ; Namme         Saif Hasan
     2                                  ; CSC 322       15 October 2021
     3                                  ; Assignment    Program 4 : Fibonacci Sequence
     4                                  ; Description   This program will calculate and store the first 16 numbers in the Fibonacci sequence.
     5                                  
     6                                  SECTION .data
     7 00000000 02000000                c:  dd 2
     8                                  
     9                                  
    10                                  SECTION .bss
    11 00000000 <res 00000040>          Fibs:	RESD 16
    12                                  
    13                                  
    14                                  SECTION .text
    15                                  global _main
    16                                  _main:
    17                                  
    18                                  ; put first two values (0, 1) into Fibs array
    19 00000000 B800000000              mov eax, 0
    20 00000005 BB01000000              mov ebx, 1
    21 0000000A A3[00000000]            mov [Fibs], eax
    22 0000000F 891D[04000000]          mov [Fibs+4], ebx
    23 00000015 BA08000000              mov edx, 8 ; edx will contain the offset which acts as index number for the array
    24                                  
    25                                  startLoop:
    26 0000001A 833D[00000000]10        cmp dword [c], 16
    27 00000021 7419                    je lastBreak
    28 00000023 89C1                    mov ecx, eax
    29 00000025 01D9                    add ecx, ebx
    30 00000027 898A[00000000]          mov [Fibs + edx], ecx
    31 0000002D 89D8                    mov eax, ebx
    32 0000002F 89CB                    mov ebx, ecx
    33 00000031 83C204                  add edx, 4
    34 00000034 FF05[00000000]          inc dword [c]
    35 0000003A EBDE                    jmp startLoop
    36                                  
    37                                  
    38                                  lastBreak:
    39                                  
    40                                  ; Normal termination code
    41 0000003C B801000000              mov eax, 1
    42 00000041 BB00000000              mov ebx, 0
    43 00000046 CD80                    int 80h
